# JRE version: OpenJDK Runtime Environment (8.0_275-b01) (build 1.8.0_275-b01)
# Java VM: OpenJDK 64-Bit Server VM (25.275-b01 mixed mode windows-amd64 compressed oops)
Heap:
 PSYoungGen      total 279552K, used 19606K [0x000000076ba00000, 0x000000077ea00000, 0x00000007c0000000)
  eden space 251392K, 4% used [0x000000076ba00000,0x000000076c5e0510,0x000000077af80000)
  from space 28160K, 26% used [0x000000077af80000,0x000000077b6c56c8,0x000000077cb00000)
  to   space 28160K, 0% used [0x000000077ce80000,0x000000077ce80000,0x000000077ea00000)
 ParOldGen       total 339968K, used 166342K [0x00000006c2e00000, 0x00000006d7a00000, 0x000000076ba00000)
  object space 339968K, 48% used [0x00000006c2e00000,0x00000006cd071990,0x00000006d7a00000)
 Metaspace       used 23654K, capacity 23899K, committed 24192K, reserved 1071104K
  class space    used 2819K, capacity 2918K, committed 2944K, reserved 1048576K
GC Heap History (10 events):
Event: 2.478 GC heap before
{Heap before GC invocations=5 (full 0):
 PSYoungGen      total 140800K, used 98807K [0x000000076ba00000, 0x0000000774e00000, 0x00000007c0000000)
  eden space 130048K, 67% used [0x000000076ba00000,0x0000000771001c48,0x0000000773900000)
  from space 10752K, 99% used [0x0000000774380000,0x0000000774dfc030,0x0000000774e00000)
  to   space 10752K, 0% used [0x0000000773900000,0x0000000773900000,0x0000000774380000)
 ParOldGen       total 173568K, used 20556K [0x00000006c2e00000, 0x00000006cd780000, 0x000000076ba00000)
  object space 173568K, 11% used [0x00000006c2e00000,0x00000006c4213098,0x00000006cd780000)
 Metaspace       used 20837K, capacity 21041K, committed 21296K, reserved 1069056K
  class space    used 2543K, capacity 2627K, committed 2688K, reserved 1048576K
Event: 2.490 GC heap after
Heap after GC invocations=5 (full 0):
 PSYoungGen      total 140800K, used 10736K [0x000000076ba00000, 0x000000077eb00000, 0x00000007c0000000)
  eden space 130048K, 0% used [0x000000076ba00000,0x000000076ba00000,0x0000000773900000)
  from space 10752K, 99% used [0x0000000773900000,0x000000077437c010,0x0000000774380000)
  to   space 26112K, 0% used [0x000000077d180000,0x000000077d180000,0x000000077eb00000)
 ParOldGen       total 173568K, used 32223K [0x00000006c2e00000, 0x00000006cd780000, 0x000000076ba00000)
  object space 173568K, 18% used [0x00000006c2e00000,0x00000006c4d77f20,0x00000006cd780000)
 Metaspace       used 20837K, capacity 21041K, committed 21296K, reserved 1069056K
  class space    used 2543K, capacity 2627K, committed 2688K, reserved 1048576K
}
Event: 2.490 GC heap before
{Heap before GC invocations=6 (full 1):
 PSYoungGen      total 140800K, used 10736K [0x000000076ba00000, 0x000000077eb00000, 0x00000007c0000000)
  eden space 130048K, 0% used [0x000000076ba00000,0x000000076ba00000,0x0000000773900000)
  from space 10752K, 99% used [0x0000000773900000,0x000000077437c010,0x0000000774380000)
  to   space 26112K, 0% used [0x000000077d180000,0x000000077d180000,0x000000077eb00000)
 ParOldGen       total 173568K, used 32223K [0x00000006c2e00000, 0x00000006cd780000, 0x000000076ba00000)
  object space 173568K, 18% used [0x00000006c2e00000,0x00000006c4d77f20,0x00000006cd780000)
 Metaspace       used 20837K, capacity 21041K, committed 21296K, reserved 1069056K
  class space    used 2543K, capacity 2627K, committed 2688K, reserved 1048576K
Event: 2.621 GC heap after
Heap after GC invocations=6 (full 1):
 PSYoungGen      total 140800K, used 0K [0x000000076ba00000, 0x000000077eb00000, 0x00000007c0000000)
  eden space 130048K, 0% used [0x000000076ba00000,0x000000076ba00000,0x0000000773900000)
  from space 10752K, 0% used [0x0000000773900000,0x0000000773900000,0x0000000774380000)
  to   space 26112K, 0% used [0x000000077d180000,0x000000077d180000,0x000000077eb00000)
 ParOldGen       total 160768K, used 40589K [0x00000006c2e00000, 0x00000006ccb00000, 0x000000076ba00000)
  object space 160768K, 25% used [0x00000006c2e00000,0x00000006c55a34e8,0x00000006ccb00000)
 Metaspace       used 20837K, capacity 21041K, committed 21296K, reserved 1069056K
  class space    used 2543K, capacity 2627K, committed 2688K, reserved 1048576K
}
Event: 3.319 GC heap before
{Heap before GC invocations=7 (full 1):
 PSYoungGen      total 140800K, used 130048K [0x000000076ba00000, 0x000000077eb00000, 0x00000007c0000000)
  eden space 130048K, 100% used [0x000000076ba00000,0x0000000773900000,0x0000000773900000)
  from space 10752K, 0% used [0x0000000773900000,0x0000000773900000,0x0000000774380000)
  to   space 26112K, 0% used [0x000000077d180000,0x000000077d180000,0x000000077eb00000)
 ParOldGen       total 160768K, used 40589K [0x00000006c2e00000, 0x00000006ccb00000, 0x000000076ba00000)
  object space 160768K, 25% used [0x00000006c2e00000,0x00000006c55a34e8,0x00000006ccb00000)
 Metaspace       used 22474K, capacity 22651K, committed 22960K, reserved 1069056K
  class space    used 2702K, capacity 2758K, committed 2816K, reserved 1048576K
Event: 3.342 GC heap after
Heap after GC invocations=7 (full 1):
 PSYoungGen      total 200704K, used 21126K [0x000000076ba00000, 0x000000077e680000, 0x00000007c0000000)
  eden space 179200K, 0% used [0x000000076ba00000,0x000000076ba00000,0x0000000776900000)
  from space 21504K, 98% used [0x000000077d180000,0x000000077e621810,0x000000077e680000)
  to   space 28160K, 0% used [0x000000077af80000,0x000000077af80000,0x000000077cb00000)
 ParOldGen       total 160768K, used 128264K [0x00000006c2e00000, 0x00000006ccb00000, 0x000000076ba00000)
  object space 160768K, 79% used [0x00000006c2e00000,0x00000006cab420e0,0x00000006ccb00000)
 Metaspace       used 22474K, capacity 22651K, committed 22960K, reserved 1069056K
  class space    used 2702K, capacity 2758K, committed 2816K, reserved 1048576K
}
Event: 3.342 GC heap before
{Heap before GC invocations=8 (full 2):
 PSYoungGen      total 200704K, used 21126K [0x000000076ba00000, 0x000000077e680000, 0x00000007c0000000)
  eden space 179200K, 0% used [0x000000076ba00000,0x000000076ba00000,0x0000000776900000)
  from space 21504K, 98% used [0x000000077d180000,0x000000077e621810,0x000000077e680000)
  to   space 28160K, 0% used [0x000000077af80000,0x000000077af80000,0x000000077cb00000)
 ParOldGen       total 160768K, used 128264K [0x00000006c2e00000, 0x00000006ccb00000, 0x000000076ba00000)
  object space 160768K, 79% used [0x00000006c2e00000,0x00000006cab420e0,0x00000006ccb00000)
 Metaspace       used 22474K, capacity 22651K, committed 22960K, reserved 1069056K
  class space    used 2702K, capacity 2758K, committed 2816K, reserved 1048576K
Event: 3.369 GC heap after
Heap after GC invocations=8 (full 2):
 PSYoungGen      total 200704K, used 0K [0x000000076ba00000, 0x000000077e680000, 0x00000007c0000000)
  eden space 179200K, 0% used [0x000000076ba00000,0x000000076ba00000,0x0000000776900000)
  from space 21504K, 0% used [0x000000077d180000,0x000000077d180000,0x000000077e680000)
  to   space 28160K, 0% used [0x000000077af80000,0x000000077af80000,0x000000077cb00000)
 ParOldGen       total 339968K, used 113734K [0x00000006c2e00000, 0x00000006d7a00000, 0x000000076ba00000)
  object space 339968K, 33% used [0x00000006c2e00000,0x00000006c9d118d8,0x00000006d7a00000)
 Metaspace       used 22474K, capacity 22651K, committed 22960K, reserved 1069056K
  class space    used 2702K, capacity 2758K, committed 2816K, reserved 1048576K
}
Event: 3.915 GC heap before
{Heap before GC invocations=9 (full 2):
 PSYoungGen      total 200704K, used 179200K [0x000000076ba00000, 0x000000077e680000, 0x00000007c0000000)
  eden space 179200K, 100% used [0x000000076ba00000,0x0000000776900000,0x0000000776900000)
  from space 21504K, 0% used [0x000000077d180000,0x000000077d180000,0x000000077e680000)
  to   space 28160K, 0% used [0x000000077af80000,0x000000077af80000,0x000000077cb00000)
 ParOldGen       total 339968K, used 113734K [0x00000006c2e00000, 0x00000006d7a00000, 0x000000076ba00000)
  object space 339968K, 33% used [0x00000006c2e00000,0x00000006c9d118d8,0x00000006d7a00000)
 Metaspace       used 23572K, capacity 23771K, committed 24192K, reserved 1071104K
  class space    used 2808K, capacity 2854K, committed 2944K, reserved 1048576K
Event: 3.935 GC heap after
Heap after GC invocations=9 (full 2):
 PSYoungGen      total 279552K, used 7445K [0x000000076ba00000, 0x000000077ea00000, 0x00000007c0000000)
  eden space 251392K, 0% used [0x000000076ba00000,0x000000076ba00000,0x000000077af80000)
  from space 28160K, 26% used [0x000000077af80000,0x000000077b6c56c8,0x000000077cb00000)
  to   space 28160K, 0% used [0x000000077ce80000,0x000000077ce80000,0x000000077ea00000)
 ParOldGen       total 339968K, used 166342K [0x00000006c2e00000, 0x00000006d7a00000, 0x000000076ba00000)
  object space 339968K, 48% used [0x00000006c2e00000,0x00000006cd071990,0x00000006d7a00000)
 Metaspace       used 23572K, capacity 23771K, committed 24192K, reserved 1071104K
  class space    used 2808K, capacity 2854K, committed 2944K, reserved 1048576K
}

