# JRE version: OpenJDK Runtime Environment (8.0_275-b01) (build 1.8.0_275-b01)
# Java VM: OpenJDK 64-Bit Server VM (25.275-b01 mixed mode windows-amd64 compressed oops)
Heap:
 PSYoungGen      total 210432K, used 83355K [0x000000076ba00000, 0x000000077e700000, 0x00000007c0000000)
  eden space 188928K, 44% used [0x000000076ba00000,0x0000000770b66e58,0x0000000777280000)
  from space 21504K, 0% used [0x000000077d200000,0x000000077d200000,0x000000077e700000)
  to   space 28672K, 0% used [0x000000077af00000,0x000000077af00000,0x000000077cb00000)
 ParOldGen       total 327168K, used 113964K [0x00000006c2e00000, 0x00000006d6d80000, 0x000000076ba00000)
  object space 327168K, 34% used [0x00000006c2e00000,0x00000006c9d4b230,0x00000006d6d80000)
 Metaspace       used 22977K, capacity 23195K, committed 23680K, reserved 1071104K
  class space    used 2769K, capacity 2854K, committed 2944K, reserved 1048576K
GC Heap History (10 events):
Event: 3.254 GC heap before
{Heap before GC invocations=4 (full 0):
 PSYoungGen      total 75776K, used 75776K [0x000000076ba00000, 0x0000000774e00000, 0x00000007c0000000)
  eden space 65024K, 100% used [0x000000076ba00000,0x000000076f980000,0x000000076f980000)
  from space 10752K, 100% used [0x000000076f980000,0x0000000770400000,0x0000000770400000)
  to   space 10752K, 0% used [0x0000000774380000,0x0000000774380000,0x0000000774e00000)
 ParOldGen       total 173568K, used 12696K [0x00000006c2e00000, 0x00000006cd780000, 0x000000076ba00000)
  object space 173568K, 7% used [0x00000006c2e00000,0x00000006c3a66040,0x00000006cd780000)
 Metaspace       used 14629K, capacity 14884K, committed 15232K, reserved 1062912K
  class space    used 1762K, capacity 1824K, committed 1920K, reserved 1048576K
Event: 3.261 GC heap after
Heap after GC invocations=4 (full 0):
 PSYoungGen      total 140800K, used 10736K [0x000000076ba00000, 0x0000000774e00000, 0x00000007c0000000)
  eden space 130048K, 0% used [0x000000076ba00000,0x000000076ba00000,0x0000000773900000)
  from space 10752K, 99% used [0x0000000774380000,0x0000000774dfc010,0x0000000774e00000)
  to   space 10752K, 0% used [0x0000000773900000,0x0000000773900000,0x0000000774380000)
 ParOldGen       total 173568K, used 17576K [0x00000006c2e00000, 0x00000006cd780000, 0x000000076ba00000)
  object space 173568K, 10% used [0x00000006c2e00000,0x00000006c3f2a130,0x00000006cd780000)
 Metaspace       used 14629K, capacity 14884K, committed 15232K, reserved 1062912K
  class space    used 1762K, capacity 1824K, committed 1920K, reserved 1048576K
}
Event: 6.701 GC heap before
{Heap before GC invocations=5 (full 0):
 PSYoungGen      total 140800K, used 124895K [0x000000076ba00000, 0x0000000774e00000, 0x00000007c0000000)
  eden space 130048K, 87% used [0x000000076ba00000,0x000000077297bf38,0x0000000773900000)
  from space 10752K, 99% used [0x0000000774380000,0x0000000774dfc010,0x0000000774e00000)
  to   space 10752K, 0% used [0x0000000773900000,0x0000000773900000,0x0000000774380000)
 ParOldGen       total 173568K, used 17576K [0x00000006c2e00000, 0x00000006cd780000, 0x000000076ba00000)
  object space 173568K, 10% used [0x00000006c2e00000,0x00000006c3f2a130,0x00000006cd780000)
 Metaspace       used 20869K, capacity 21041K, committed 21296K, reserved 1069056K
  class space    used 2544K, capacity 2627K, committed 2688K, reserved 1048576K
Event: 6.713 GC heap after
Heap after GC invocations=5 (full 0):
 PSYoungGen      total 140800K, used 10752K [0x000000076ba00000, 0x000000077ec00000, 0x00000007c0000000)
  eden space 130048K, 0% used [0x000000076ba00000,0x000000076ba00000,0x0000000773900000)
  from space 10752K, 100% used [0x0000000773900000,0x0000000774380000,0x0000000774380000)
  to   space 26624K, 0% used [0x000000077d200000,0x000000077d200000,0x000000077ec00000)
 ParOldGen       total 173568K, used 32334K [0x00000006c2e00000, 0x00000006cd780000, 0x000000076ba00000)
  object space 173568K, 18% used [0x00000006c2e00000,0x00000006c4d93b00,0x00000006cd780000)
 Metaspace       used 20869K, capacity 21041K, committed 21296K, reserved 1069056K
  class space    used 2544K, capacity 2627K, committed 2688K, reserved 1048576K
}
Event: 6.713 GC heap before
{Heap before GC invocations=6 (full 1):
 PSYoungGen      total 140800K, used 10752K [0x000000076ba00000, 0x000000077ec00000, 0x00000007c0000000)
  eden space 130048K, 0% used [0x000000076ba00000,0x000000076ba00000,0x0000000773900000)
  from space 10752K, 100% used [0x0000000773900000,0x0000000774380000,0x0000000774380000)
  to   space 26624K, 0% used [0x000000077d200000,0x000000077d200000,0x000000077ec00000)
 ParOldGen       total 173568K, used 32334K [0x00000006c2e00000, 0x00000006cd780000, 0x000000076ba00000)
  object space 173568K, 18% used [0x00000006c2e00000,0x00000006c4d93b00,0x00000006cd780000)
 Metaspace       used 20869K, capacity 21041K, committed 21296K, reserved 1069056K
  class space    used 2544K, capacity 2627K, committed 2688K, reserved 1048576K
Event: 6.889 GC heap after
Heap after GC invocations=6 (full 1):
 PSYoungGen      total 140800K, used 0K [0x000000076ba00000, 0x000000077ec00000, 0x00000007c0000000)
  eden space 130048K, 0% used [0x000000076ba00000,0x000000076ba00000,0x0000000773900000)
  from space 10752K, 0% used [0x0000000773900000,0x0000000773900000,0x0000000774380000)
  to   space 26624K, 0% used [0x000000077d200000,0x000000077d200000,0x000000077ec00000)
 ParOldGen       total 156672K, used 40654K [0x00000006c2e00000, 0x00000006cc700000, 0x000000076ba00000)
  object space 156672K, 25% used [0x00000006c2e00000,0x00000006c55b3bc0,0x00000006cc700000)
 Metaspace       used 20869K, capacity 21041K, committed 21296K, reserved 1069056K
  class space    used 2544K, capacity 2627K, committed 2688K, reserved 1048576K
}
Event: 7.978 GC heap before
{Heap before GC invocations=7 (full 1):
 PSYoungGen      total 140800K, used 130048K [0x000000076ba00000, 0x000000077ec00000, 0x00000007c0000000)
  eden space 130048K, 100% used [0x000000076ba00000,0x0000000773900000,0x0000000773900000)
  from space 10752K, 0% used [0x0000000773900000,0x0000000773900000,0x0000000774380000)
  to   space 26624K, 0% used [0x000000077d200000,0x000000077d200000,0x000000077ec00000)
 ParOldGen       total 156672K, used 40654K [0x00000006c2e00000, 0x00000006cc700000, 0x000000076ba00000)
  object space 156672K, 25% used [0x00000006c2e00000,0x00000006c55b3bc0,0x00000006cc700000)
 Metaspace       used 22226K, capacity 22459K, committed 22704K, reserved 1069056K
  class space    used 2695K, capacity 2758K, committed 2816K, reserved 1048576K
Event: 7.999 GC heap after
Heap after GC invocations=7 (full 1):
 PSYoungGen      total 210432K, used 21408K [0x000000076ba00000, 0x000000077e700000, 0x00000007c0000000)
  eden space 188928K, 0% used [0x000000076ba00000,0x000000076ba00000,0x0000000777280000)
  from space 21504K, 99% used [0x000000077d200000,0x000000077e6e8068,0x000000077e700000)
  to   space 28672K, 0% used [0x000000077af00000,0x000000077af00000,0x000000077cb00000)
 ParOldGen       total 156672K, used 128329K [0x00000006c2e00000, 0x00000006cc700000, 0x000000076ba00000)
  object space 156672K, 81% used [0x00000006c2e00000,0x00000006cab527b8,0x00000006cc700000)
 Metaspace       used 22226K, capacity 22459K, committed 22704K, reserved 1069056K
  class space    used 2695K, capacity 2758K, committed 2816K, reserved 1048576K
}
Event: 7.999 GC heap before
{Heap before GC invocations=8 (full 2):
 PSYoungGen      total 210432K, used 21408K [0x000000076ba00000, 0x000000077e700000, 0x00000007c0000000)
  eden space 188928K, 0% used [0x000000076ba00000,0x000000076ba00000,0x0000000777280000)
  from space 21504K, 99% used [0x000000077d200000,0x000000077e6e8068,0x000000077e700000)
  to   space 28672K, 0% used [0x000000077af00000,0x000000077af00000,0x000000077cb00000)
 ParOldGen       total 156672K, used 128329K [0x00000006c2e00000, 0x00000006cc700000, 0x000000076ba00000)
  object space 156672K, 81% used [0x00000006c2e00000,0x00000006cab527b8,0x00000006cc700000)
 Metaspace       used 22226K, capacity 22459K, committed 22704K, reserved 1069056K
  class space    used 2695K, capacity 2758K, committed 2816K, reserved 1048576K
Event: 8.024 GC heap after
Heap after GC invocations=8 (full 2):
 PSYoungGen      total 210432K, used 0K [0x000000076ba00000, 0x000000077e700000, 0x00000007c0000000)
  eden space 188928K, 0% used [0x000000076ba00000,0x000000076ba00000,0x0000000777280000)
  from space 21504K, 0% used [0x000000077d200000,0x000000077d200000,0x000000077e700000)
  to   space 28672K, 0% used [0x000000077af00000,0x000000077af00000,0x000000077cb00000)
 ParOldGen       total 327168K, used 113964K [0x00000006c2e00000, 0x00000006d6d80000, 0x000000076ba00000)
  object space 327168K, 34% used [0x00000006c2e00000,0x00000006c9d4b230,0x00000006d6d80000)
 Metaspace       used 22226K, capacity 22459K, committed 22704K, reserved 1069056K
  class space    used 2695K, capacity 2758K, committed 2816K, reserved 1048576K
}

